<?xml version="1.0" encoding="UTF-8"?>
<!-- Generated by org.testng.reporters.JUnitReportReporter -->
<testsuite skipped="0" hostname="kgurindagunta-lp" name="Checktest.Fullcheck" tests="1" failures="0" timestamp="2022-11-24T19:41:43 IST" time="34.089" errors="0">
  <testcase name="Login" time="34.089" classname="Checktest.Fullcheck"/>
  <system-out/>
</testsuite> <!-- Checktest.Fullcheck -->
