<?xml version="1.0" encoding="UTF-8"?>
<!-- Generated by org.testng.reporters.JUnitReportReporter -->
<testsuite skipped="0" hostname="kgurindagunta-lp" name="com.AdaptiveRetail.TestCases.CommunicationPreferenceTest" tests="2" failures="0" timestamp="2023-01-13T17:42:09 IST" time="47.946" errors="0">
  <testcase name="checkboxTest" time="26.214" classname="com.AdaptiveRetail.TestCases.CommunicationPreferenceTest"/>
  <system-out/>
  <testcase name="checkboxTest" time="21.732" classname="com.AdaptiveRetail.TestCases.CommunicationPreferenceTest"/>
  <system-out/>
</testsuite> <!-- com.AdaptiveRetail.TestCases.CommunicationPreferenceTest -->
