<?xml version="1.0" encoding="UTF-8"?>
<!-- Generated by org.testng.reporters.JUnitReportReporter -->
<testsuite hostname="kgurindagunta-lp" failures="0" tests="2" name="com.AdaptiveRetail.TestCases.PaymerntMethodTest" time="35.974" errors="0" timestamp="2023-01-17T18:51:45 IST" skipped="0">
  <testcase classname="com.AdaptiveRetail.TestCases.PaymerntMethodTest" name="paymentTest" time="17.673"/>
  <system-out/>
  <testcase classname="com.AdaptiveRetail.TestCases.PaymerntMethodTest" name="paymentTest" time="18.301"/>
  <system-out/>
</testsuite> <!-- com.AdaptiveRetail.TestCases.PaymerntMethodTest -->
