<?xml version="1.0" encoding="UTF-8"?>
<!-- Generated by org.testng.reporters.JUnitReportReporter -->
<testsuite hostname="kgurindagunta-lp" failures="0" tests="2" name="com.AdaptiveRetail.TestCases.CommunicationPreferenceTest" time="42.417" errors="0" timestamp="2023-01-17T18:51:45 IST" skipped="0">
  <testcase classname="com.AdaptiveRetail.TestCases.CommunicationPreferenceTest" name="checkboxTest" time="20.437"/>
  <system-out/>
  <testcase classname="com.AdaptiveRetail.TestCases.CommunicationPreferenceTest" name="checkboxTest" time="21.980"/>
  <system-out/>
</testsuite> <!-- com.AdaptiveRetail.TestCases.CommunicationPreferenceTest -->
