<?xml version="1.0" encoding="UTF-8"?>
<!-- Generated by org.testng.reporters.JUnitReportReporter -->
<testsuite skipped="0" hostname="kgurindagunta-lp" name="com.AdaptiveRetail.TestCases.PersonalinfoTest" tests="2" failures="0" timestamp="2023-01-13T17:42:09 IST" time="19.262" errors="0">
  <testcase name="verifyPersonalInfo" time="10.367" classname="com.AdaptiveRetail.TestCases.PersonalinfoTest"/>
  <system-out/>
  <testcase name="verifyPersonalInfo" time="8.895" classname="com.AdaptiveRetail.TestCases.PersonalinfoTest"/>
  <system-out/>
</testsuite> <!-- com.AdaptiveRetail.TestCases.PersonalinfoTest -->
