<?xml version="1.0" encoding="UTF-8"?>
<!-- Generated by org.testng.reporters.JUnitReportReporter -->
<testsuite skipped="0" hostname="kgurindagunta-lp" name="com.AdaptiveRetail.TestCases.LoginTest" tests="2" failures="0" timestamp="2023-01-13T17:42:09 IST" time="11.150" errors="0">
  <testcase name="login" time="5.887" classname="com.AdaptiveRetail.TestCases.LoginTest"/>
  <system-out/>
  <testcase name="login" time="5.263" classname="com.AdaptiveRetail.TestCases.LoginTest"/>
  <system-out/>
</testsuite> <!-- com.AdaptiveRetail.TestCases.LoginTest -->
