<?xml version="1.0" encoding="UTF-8"?>
<!-- Generated by org.testng.reporters.JUnitReportReporter -->
<testsuite hostname="kgurindagunta-lp" failures="0" tests="2" name="com.AdaptiveRetail.TestCases.LoginTest" time="7.703" errors="0" timestamp="2023-01-17T18:51:45 IST" skipped="0">
  <testcase classname="com.AdaptiveRetail.TestCases.LoginTest" name="login" time="4.129"/>
  <system-out/>
  <testcase classname="com.AdaptiveRetail.TestCases.LoginTest" name="login" time="3.574"/>
  <system-out/>
</testsuite> <!-- com.AdaptiveRetail.TestCases.LoginTest -->
