<?xml version="1.0" encoding="UTF-8"?>
<!-- Generated by org.testng.reporters.JUnitReportReporter -->
<testsuite hostname="kgurindagunta-lp" failures="0" tests="2" name="com.AdaptiveRetail.TestCases.PersonalinfoTest" time="19.202" errors="0" timestamp="2023-01-17T18:51:45 IST" skipped="0">
  <testcase classname="com.AdaptiveRetail.TestCases.PersonalinfoTest" name="verifyPersonalInfo" time="8.590"/>
  <system-out/>
  <testcase classname="com.AdaptiveRetail.TestCases.PersonalinfoTest" name="verifyPersonalInfo" time="10.612"/>
  <system-out/>
</testsuite> <!-- com.AdaptiveRetail.TestCases.PersonalinfoTest -->
