<?xml version="1.0" encoding="UTF-8"?>
<!-- Generated by org.testng.reporters.JUnitReportReporter -->
<testsuite skipped="0" hostname="kgurindagunta-lp" name="com.AdaptiveRetail.TestCases.PaymerntMethodTest" tests="2" failures="0" timestamp="2023-01-13T17:42:09 IST" time="32.350" errors="0">
  <testcase name="paymentTest" time="16.143" classname="com.AdaptiveRetail.TestCases.PaymerntMethodTest"/>
  <system-out/>
  <testcase name="paymentTest" time="16.207" classname="com.AdaptiveRetail.TestCases.PaymerntMethodTest"/>
  <system-out/>
</testsuite> <!-- com.AdaptiveRetail.TestCases.PaymerntMethodTest -->
