<?xml version="1.0" encoding="UTF-8"?>
<!-- Generated by org.testng.reporters.JUnitReportReporter -->
<testsuite skipped="0" hostname="kgurindagunta-lp" name="com.AdaptiveRetail.TestCases.PersonalinfoTest" tests="2" failures="0" timestamp="2022-12-23T21:26:15 IST" time="8.684" errors="0">
  <testcase name="verifyPersonalInfo" time="4.184" classname="com.AdaptiveRetail.TestCases.PersonalinfoTest"/>
  <system-out/>
  <testcase name="verifyPersonalInfo" time="4.500" classname="com.AdaptiveRetail.TestCases.PersonalinfoTest"/>
  <system-out/>
</testsuite> <!-- com.AdaptiveRetail.TestCases.PersonalinfoTest -->
