<?xml version="1.0" encoding="UTF-8"?>
<!-- Generated by org.testng.reporters.JUnitReportReporter -->
<testsuite skipped="0" hostname="kgurindagunta-lp" name="com.AdaptiveRetail.TestCases.CommunicationPreferenceTest" tests="2" failures="0" timestamp="2022-12-23T21:26:15 IST" time="33.058" errors="0">
  <testcase name="checkboxTest" time="16.611" classname="com.AdaptiveRetail.TestCases.CommunicationPreferenceTest"/>
  <system-out/>
  <testcase name="checkboxTest" time="16.447" classname="com.AdaptiveRetail.TestCases.CommunicationPreferenceTest"/>
  <system-out/>
</testsuite> <!-- com.AdaptiveRetail.TestCases.CommunicationPreferenceTest -->
