<?xml version="1.0" encoding="UTF-8"?>
<!-- Generated by org.testng.reporters.JUnitReportReporter -->
<testsuite skipped="0" hostname="kgurindagunta-lp" name="com.AdaptiveRetail.TestCases.LoginTest" tests="2" failures="0" timestamp="2022-12-24T12:14:57 IST" time="6.269" errors="0">
  <testcase name="login" time="3.253" classname="com.AdaptiveRetail.TestCases.LoginTest"/>
  <system-out/>
  <testcase name="login" time="3.016" classname="com.AdaptiveRetail.TestCases.LoginTest"/>
  <system-out/>
</testsuite> <!-- com.AdaptiveRetail.TestCases.LoginTest -->
