<?xml version="1.0" encoding="UTF-8"?>
<!-- Generated by org.testng.reporters.JUnitReportReporter -->
<testsuite skipped="0" hostname="kgurindagunta-lp" name="com.AdaptiveRetail.TestCases.CommunicationPreferenceTest" tests="2" failures="0" timestamp="2022-12-24T12:14:57 IST" time="33.968" errors="0">
  <testcase name="checkboxTest" time="16.965" classname="com.AdaptiveRetail.TestCases.CommunicationPreferenceTest"/>
  <system-out/>
  <testcase name="checkboxTest" time="17.003" classname="com.AdaptiveRetail.TestCases.CommunicationPreferenceTest"/>
  <system-out/>
</testsuite> <!-- com.AdaptiveRetail.TestCases.CommunicationPreferenceTest -->
