<?xml version="1.0" encoding="UTF-8"?>
<!-- Generated by org.testng.reporters.JUnitReportReporter -->
<testsuite skipped="0" hostname="kgurindagunta-lp" name="com.AdaptiveRetail.TestCases.PaymerntMethodTest" tests="2" failures="0" timestamp="2022-12-24T12:14:57 IST" time="20.749" errors="0">
  <testcase name="paymentTest" time="9.480" classname="com.AdaptiveRetail.TestCases.PaymerntMethodTest"/>
  <system-out/>
  <testcase name="paymentTest" time="11.269" classname="com.AdaptiveRetail.TestCases.PaymerntMethodTest"/>
  <system-out/>
</testsuite> <!-- com.AdaptiveRetail.TestCases.PaymerntMethodTest -->
