<?xml version="1.0" encoding="UTF-8"?>
<!-- Generated by org.testng.reporters.JUnitReportReporter -->
<testsuite skipped="0" hostname="kgurindagunta-lp" name="com.AdaptiveRetail.TestCases.PersonalinfoTest" tests="2" failures="0" timestamp="2022-12-24T12:14:57 IST" time="10.947" errors="0">
  <testcase name="verifyPersonalInfo" time="5.621" classname="com.AdaptiveRetail.TestCases.PersonalinfoTest"/>
  <system-out/>
  <testcase name="verifyPersonalInfo" time="5.326" classname="com.AdaptiveRetail.TestCases.PersonalinfoTest"/>
  <system-out/>
</testsuite> <!-- com.AdaptiveRetail.TestCases.PersonalinfoTest -->
